<?xml version="1.0" encoding="UTF-8"?>
<!-- Generated by org.testng.reporters.JUnitReportReporter -->
<testsuite hostname="JAHANGIRPC" name="automationFramework.SearchItemInGoogle" tests="1" failures="0" timestamp="22 May 2018 06:03:55 GMT" time="24.938" errors="0">
  <testcase name="searchItemInGoogle" time="24.938" classname="automationFramework.SearchItemInGoogle"/>
</testsuite> <!-- automationFramework.SearchItemInGoogle -->
