<?xml version="1.0" encoding="UTF-8"?>
<!-- Generated by org.testng.reporters.JUnitReportReporter -->
<testsuite hostname="JAHANGIRPC" name="automationFramework.LoginToSampleSite" tests="2" failures="0" timestamp="29 May 2018 11:07:47 GMT" time="17.287" errors="0">
  <testcase name="logout" time="6.270" classname="automationFramework.LoginToSampleSite"/>
  <testcase name="login" time="11.017" classname="automationFramework.LoginToSampleSite"/>
</testsuite> <!-- automationFramework.LoginToSampleSite -->
