<?xml version="1.0" encoding="UTF-8"?>
<!-- Generated by org.testng.reporters.JUnitReportReporter -->
<testsuite hostname="JAHANGIRPC" name="automationFramework.LoginToPointillist" tests="2" failures="0" timestamp="28 May 2018 09:09:42 GMT" time="23.578" errors="0">
  <testcase name="login" time="19.064" classname="automationFramework.LoginToPointillist"/>
  <testcase name="logout" time="4.514" classname="automationFramework.LoginToPointillist"/>
</testsuite> <!-- automationFramework.LoginToPointillist -->
